<?xml version="1.0" encoding="UTF-8" ?>
<testsuite tests="99" failures="0" name="org.apache.commons.lang3.StringUtilsTest" time="0.034" errors="0" skipped="0">
  <properties>
[...]
</properties>
  <testcase classname="org.apache.commons.lang3.StringUtilsTest" name="testJoin_IterableChar" time="0"/>
  <testcase classname="org.apache.commons.lang3.StringUtilsTest" name="testRightPad_StringInt" time="0"/>
  <testcase classname="org.apache.commons.lang3.StringUtilsTest" name="testRemovePattern" time="0.002"/>
  <testcase classname="org.apache.commons.lang3.StringUtilsTest" name="testDeleteWhitespace_String" time="0"/>
  <testcase classname="org.apache.commons.lang3.StringUtilsTest" name="testRemove_String" time="0.002"/>
  <testcase classname="org.apache.commons.lang3.StringUtilsTest" name="testJoin_ArrayOfShorts" time="0"/>
  <testcase classname="org.apache.commons.lang3.StringUtilsTest" name="testDifferenceAt_StringString" time="0"/>
  <testcase classname="org.apache.commons.lang3.StringUtilsTest" name="testSplitByCharacterType" time="0"/>
  <testcase classname="org.apache.commons.lang3.StringUtilsTest" name="testLengthStringBuffer" time="0.001"/>
  <testcase classname="org.apache.commons.lang3.StringUtilsTest" name="testNormalizeSpace" time="0.002"/>
  <testcase classname="org.apache.commons.lang3.StringUtilsTest" name="testJoin_ArrayOfInts" time="0"/>
  <testcase classname="org.apache.commons.lang3.StringUtilsTest" name="testDifferenceAt_StringArray" time="0"/>
  <testcase classname="org.apache.commons.lang3.StringUtilsTest" name="testRepeat_StringStringInt" time="0"/>
  <testcase classname="org.apache.commons.lang3.StringUtilsTest" name="testOverlay_StringStringIntInt" time="0"/>
  <testcase classname="org.apache.commons.lang3.StringUtilsTest" name="testDefaultIfBlank_StringString" time="0"/>
  <testcase classname="org.apache.commons.lang3.StringUtilsTest" name="testJoin_ArrayString" time="0"/>
  <testcase classname="org.apache.commons.lang3.StringUtilsTest" name="testReplacePattern" time="0"/>
  <testcase classname="org.apache.commons.lang3.StringUtilsTest" name="testPrependIfMissing" time="0"/>
  <testcase classname="org.apache.commons.lang3.StringUtilsTest" name="testIsAllLowerCase" time="0"/>
  <testcase classname="org.apache.commons.lang3.StringUtilsTest" name="testLANG666" time="0"/>
  <testcase classname="org.apache.commons.lang3.StringUtilsTest" name="testReverseDelimited_StringChar" time="0"/>
  <testcase classname="org.apache.commons.lang3.StringUtilsTest" name="testEscapeSurrogatePairs" time="0"/>
  <testcase classname="org.apache.commons.lang3.StringUtilsTest" name="testChomp" time="0"/>
  <testcase classname="org.apache.commons.lang3.StringUtilsTest" name="testEMPTY" time="0"/>
  <testcase classname="org.apache.commons.lang3.StringUtilsTest" name="testChop" time="0"/>
  <testcase classname="org.apache.commons.lang3.StringUtilsTest" name="testToString" time="0"/>
  <testcase classname="org.apache.commons.lang3.StringUtilsTest" name="testJoin_IterableString" time="0"/>
  <testcase classname="org.apache.commons.lang3.StringUtilsTest" name="testDefaultIfEmpty_CharBuffers" time="0.007"/>
  <testcase classname="org.apache.commons.lang3.StringUtilsTest" name="testSplitPreserveAllTokens_StringString_StringStringInt" time="0.007"/>
  <testcase classname="org.apache.commons.lang3.StringUtilsTest" name="testJoin_ArrayCharSeparator" time="0.002"/>
  <testcase classname="org.apache.commons.lang3.StringUtilsTest" name="testDefaultIfBlank_StringBuffers" time="0"/>
  <testcase classname="org.apache.commons.lang3.StringUtilsTest" name="testRemoveStart" time="0"/>
  <testcase classname="org.apache.commons.lang3.StringUtilsTest" name="testRemove_char" time="0"/>
  <testcase classname="org.apache.commons.lang3.StringUtilsTest" name="testReplaceChars_StringCharChar" time="0"/>
  <testcase classname="org.apache.commons.lang3.StringUtilsTest" name="testAbbreviateMiddle" time="0"/>
  <testcase classname="org.apache.commons.lang3.StringUtilsTest" name="testIsAllUpperCase" time="0"/>
  <testcase classname="org.apache.commons.lang3.StringUtilsTest" name="testRemoveEndIgnoreCase" time="0"/>
  <testcase classname="org.apache.commons.lang3.StringUtilsTest" name="testAppendIfMissingIgnoreCase" time="0"/>
  <testcase classname="org.apache.commons.lang3.StringUtilsTest" name="testCenter_StringIntChar" time="0"/>
  <testcase classname="org.apache.commons.lang3.StringUtilsTest" name="testDefaultIfEmpty_StringBuffers" time="0"/>
  <testcase classname="org.apache.commons.lang3.StringUtilsTest" name="testReplaceChars_StringStringString" time="0"/>
  <testcase classname="org.apache.commons.lang3.StringUtilsTest" name="testLeftPad_StringIntString" time="0"/>
  <testcase classname="org.apache.commons.lang3.StringUtilsTest" name="testLang623" time="0"/>
  <testcase classname="org.apache.commons.lang3.StringUtilsTest" name="testAppendIfMissing" time="0"/>
  <testcase classname="org.apache.commons.lang3.StringUtilsTest" name="testSplitPreserveAllTokens_StringChar" time="0"/>
  <testcase classname="org.apache.commons.lang3.StringUtilsTest" name="testGetLevenshteinDistance_StringStringInt" time="0"/>
  <testcase classname="org.apache.commons.lang3.StringUtilsTest" name="testDefaultIfEmpty_StringString" time="0"/>
  <testcase classname="org.apache.commons.lang3.StringUtilsTest" name="testUnescapeSurrogatePairs" time="0"/>
  <testcase classname="org.apache.commons.lang3.StringUtilsTest" name="testCenter_StringInt" time="0"/>
  <testcase classname="org.apache.commons.lang3.StringUtilsTest" name="testLength_CharBuffer" time="0"/>
  <testcase classname="org.apache.commons.lang3.StringUtilsTest" name="testGetCommonPrefix_StringArray" time="0"/>
  <testcase classname="org.apache.commons.lang3.StringUtilsTest" name="testSplit_String" time="0"/>
  <testcase classname="org.apache.commons.lang3.StringUtilsTest" name="testLengthString" time="0"/>
  <testcase classname="org.apache.commons.lang3.StringUtilsTest" name="testDefault_String" time="0"/>
  <testcase classname="org.apache.commons.lang3.StringUtilsTest" name="testLeftPad_StringIntChar" time="0"/>
  <testcase classname="org.apache.commons.lang3.StringUtilsTest" name="testRepeat_StringInt" time="0"/>
  <testcase classname="org.apache.commons.lang3.StringUtilsTest" name="testAbbreviate_StringInt" time="0"/>
  <testcase classname="org.apache.commons.lang3.StringUtilsTest" name="testDefaultIfBlank_StringBuilders" time="0"/>
  <testcase classname="org.apache.commons.lang3.StringUtilsTest" name="testDefault_StringString" time="0"/>
  <testcase classname="org.apache.commons.lang3.StringUtilsTest" name="testLengthStringBuilder" time="0"/>
  <testcase classname="org.apache.commons.lang3.StringUtilsTest" name="testJoin_IteratorString" time="0"/>
  <testcase classname="org.apache.commons.lang3.StringUtilsTest" name="testRightPad_StringIntChar" time="0"/>
  <testcase classname="org.apache.commons.lang3.StringUtilsTest" name="testJoin_ArrayOfDoubles" time="0"/>
  <testcase classname="org.apache.commons.lang3.StringUtilsTest" name="testGetLevenshteinDistance_StringString" time="0"/>
  <testcase classname="org.apache.commons.lang3.StringUtilsTest" name="testJoin_Objectarray" time="0"/>
  <testcase classname="org.apache.commons.lang3.StringUtilsTest" name="testAbbreviate_StringIntInt" time="0"/>
  <testcase classname="org.apache.commons.lang3.StringUtilsTest" name="testReplace_StringStringArrayStringArray" time="0"/>
  <testcase classname="org.apache.commons.lang3.StringUtilsTest" name="testEscapeSurrogatePairsLang858" time="0"/>
  <testcase classname="org.apache.commons.lang3.StringUtilsTest" name="testSplitPreserveAllTokens_String" time="0"/>
  <testcase classname="org.apache.commons.lang3.StringUtilsTest" name="testReplaceOnce_StringStringString" time="0"/>
  <testcase classname="org.apache.commons.lang3.StringUtilsTest" name="testStringUtilsCharSequenceContract" time="0"/>
  <testcase classname="org.apache.commons.lang3.StringUtilsTest" name="testJoin_IteratorChar" time="0"/>
  <testcase classname="org.apache.commons.lang3.StringUtilsTest" name="testReverse_String" time="0"/>
  <testcase classname="org.apache.commons.lang3.StringUtilsTest" name="testReplace_StringStringString" time="0"/>
  <testcase classname="org.apache.commons.lang3.StringUtilsTest" name="testSplitByWholeSeparatorPreserveAllTokens_StringStringInt" time="0"/>
  <testcase classname="org.apache.commons.lang3.StringUtilsTest" name="testCaseFunctions" time="0"/>
  <testcase classname="org.apache.commons.lang3.StringUtilsTest" name="testSplitByWholeString_StringStringBooleanInt" time="0"/>
  <testcase classname="org.apache.commons.lang3.StringUtilsTest" name="testSplitByWholeString_StringStringBoolean" time="0"/>
  <testcase classname="org.apache.commons.lang3.StringUtilsTest" name="testDefaultIfEmpty_StringBuilders" time="0"/>
  <testcase classname="org.apache.commons.lang3.StringUtilsTest" name="testDifference_StringString" time="0"/>
  <testcase classname="org.apache.commons.lang3.StringUtilsTest" name="testLeftPad_StringInt" time="0"/>
  <testcase classname="org.apache.commons.lang3.StringUtilsTest" name="testDefaultIfBlank_CharBuffers" time="0"/>
  <testcase classname="org.apache.commons.lang3.StringUtilsTest" name="testPrependIfMissingIgnoreCase" time="0"/>
  <testcase classname="org.apache.commons.lang3.StringUtilsTest" name="testReplace_StringStringArrayStringArrayBoolean" time="0"/>
  <testcase classname="org.apache.commons.lang3.StringUtilsTest" name="testSplit_StringChar" time="0"/>
  <testcase classname="org.apache.commons.lang3.StringUtilsTest" name="testRightPad_StringIntString" time="0"/>
  <testcase classname="org.apache.commons.lang3.StringUtilsTest" name="testSwapCase_String" time="0"/>
  <testcase classname="org.apache.commons.lang3.StringUtilsTest" name="testRemoveStartIgnoreCase" time="0"/>
  <testcase classname="org.apache.commons.lang3.StringUtilsTest" name="testSplit_StringString_StringStringInt" time="0.011"/>
  <testcase classname="org.apache.commons.lang3.StringUtilsTest" name="testJoin_ArrayOfBytes" time="0"/>
  <testcase classname="org.apache.commons.lang3.StringUtilsTest" name="testJoin_ArrayOfChars" time="0"/>
  <testcase classname="org.apache.commons.lang3.StringUtilsTest" name="testJoin_ArrayOfLongs" time="0"/>
  <testcase classname="org.apache.commons.lang3.StringUtilsTest" name="testJoin_Objects" time="0"/>
  <testcase classname="org.apache.commons.lang3.StringUtilsTest" name="testRemoveEnd" time="0"/>
  <testcase classname="org.apache.commons.lang3.StringUtilsTest" name="testJoin_ArrayOfFloats" time="0"/>
  <testcase classname="org.apache.commons.lang3.StringUtilsTest" name="testCenter_StringIntString" time="0"/>
  <testcase classname="org.apache.commons.lang3.StringUtilsTest" name="testConstructor" time="0"/>
  <testcase classname="org.apache.commons.lang3.StringUtilsTest" name="testSplitByCharacterTypeCamelCase" time="0"/>
  <testcase classname="org.apache.commons.lang3.StringUtilsTest" name="testReplace_StringStringStringInt" time="0"/>
</testsuite>