<?xml version="1.0" encoding="UTF-8" ?>
<testsuite tests="13" failures="0" name="org.apache.commons.lang3.time.FastDateFormatTest" time="0.633" errors="0" skipped="0">
  <properties>
[...]
</properties>
  <testcase classname="org.apache.commons.lang3.time.FastDateFormatTest" name="test_getInstance" time="0.011"/>
  <testcase classname="org.apache.commons.lang3.time.FastDateFormatTest" name="testParseSync" time="0.544"/>
  <testcase classname="org.apache.commons.lang3.time.FastDateFormatTest" name="test_getInstance_String_TimeZone_Locale" time="0.002"/>
  <testcase classname="org.apache.commons.lang3.time.FastDateFormatTest" name="test_changeDefault_Locale_DateInstance" time="0"/>
  <testcase classname="org.apache.commons.lang3.time.FastDateFormatTest" name="testTimeDateDefaults" time="0.009"/>
  <testcase classname="org.apache.commons.lang3.time.FastDateFormatTest" name="test_getInstance_String" time="0.001"/>
  <testcase classname="org.apache.commons.lang3.time.FastDateFormatTest" name="testDateDefaults" time="0"/>
  <testcase classname="org.apache.commons.lang3.time.FastDateFormatTest" name="testCheckDefaults" time="0"/>
  <testcase classname="org.apache.commons.lang3.time.FastDateFormatTest" name="testCheckDifferingStyles" time="0.006"/>
  <testcase classname="org.apache.commons.lang3.time.FastDateFormatTest" name="test_getInstance_String_TimeZone" time="0"/>
  <testcase classname="org.apache.commons.lang3.time.FastDateFormatTest" name="test_getInstance_String_Locale" time="0"/>
  <testcase classname="org.apache.commons.lang3.time.FastDateFormatTest" name="test_changeDefault_Locale_DateTimeInstance" time="0.039"/>
  <testcase classname="org.apache.commons.lang3.time.FastDateFormatTest" name="testTimeDefaults" time="0.021"/>
</testsuite>