<?xml version="1.0" encoding="UTF-8" ?>
<testsuite tests="48" failures="0" name="org.apache.commons.lang3.builder.CompareToBuilderTest" time="0.023" errors="3" skipped="0">
  <properties>
    <property name="java.runtime.name" value="OpenJDK Runtime Environment"/>
    <property name="java.vm.version" value="21.0.4+7-LTS"/>
    <property name="sun.boot.library.path" value="C:\Program Files\Amazon Corretto\jdk21.0.4_7\bin"/>
    <property name="maven.multiModuleProjectDirectory" value="C:\Users\Joseph Metcalf\Downloads\codebase"/>
    <property name="java.vm.vendor" value="Amazon.com Inc."/>
    <property name="java.vendor.url" value="https://aws.amazon.com/corretto/"/>
    <property name="guice.disable.misplaced.annotation.check" value="true"/>
    <property name="path.separator" value=";"/>
    <property name="java.vm.name" value="OpenJDK 64-Bit Server VM"/>
    <property name="sun.os.patch.level" value=""/>
    <property name="user.script" value=""/>
    <property name="user.country" value="US"/>
    <property name="sun.java.launcher" value="SUN_STANDARD"/>
    <property name="java.vm.specification.name" value="Java Virtual Machine Specification"/>
    <property name="user.dir" value="C:\Users\Joseph Metcalf\Downloads\codebase"/>
    <property name="java.vm.compressedOopsMode" value="Zero based"/>
    <property name="java.runtime.version" value="21.0.4+7-LTS"/>
    <property name="os.arch" value="amd64"/>
    <property name="java.io.tmpdir" value="C:\Users\JOSEPH~1\AppData\Local\Temp\"/>
    <property name="line.separator" value="
"/>
    <property name="java.vm.specification.vendor" value="Oracle Corporation"/>
    <property name="user.variant" value=""/>
    <property name="stderr.encoding" value="Cp1252"/>
    <property name="os.name" value="Windows 11"/>
    <property name="classworlds.conf" value="C:\Users\Joseph Metcalf\Downloads\apache-maven-3.9.11-bin\apache-maven-3.9.11\bin\m2.conf"/>
    <property name="sun.jnu.encoding" value="Cp1252"/>
    <property name="stdout.encoding" value="Cp1252"/>
    <property name="java.library.path" value="C:\Program Files\Amazon Corretto\jdk21.0.4_7\bin;C:\WINDOWS\Sun\Java\bin;C:\WINDOWS\system32;C:\WINDOWS;C:\Users\Joseph Metcalf\Desktop\Final_Project_SE333\.venv\Scripts;c:\Users\Joseph Metcalf\AppData\Roaming\Code\User\globalStorage\github.copilot-chat\debugCommand;c:\Users\Joseph Metcalf\AppData\Roaming\Code\User\globalStorage\github.copilot-chat\copilotCli;C:\Program Files\Amazon Corretto\jdk21.0.4_7\bin;C:\Program Files\Amazon Corretto\jdk17.0.8_8\bin;C:\WINDOWS\system32;C:\WINDOWS;C:\WINDOWS\System32\Wbem;C:\WINDOWS\System32\WindowsPowerShell\v1.0\;C:\WINDOWS\System32\OpenSSH\;C:\Program Files (x86)\sbt\bin;C:\Program Files\Git\cmd;C:\Program Files\GitHub CLI\;C:\Program Files\nodejs\;C:\Users\Joseph Metcalf\Downloads\apache-maven-3.9.11-bin\apache-maven-3.9.11\bin;C:\Users\Joseph Metcalf\.local\bin;C:\Users\Joseph Metcalf\AppData\Local\Microsoft\WindowsApps;C:\Users\Joseph Metcalf\AppData\Local\Programs\Microsoft VS Code\bin;C:\Users\Joseph Metcalf\AppData\Local\GitHubDesktop\bin;C:\Users\Joseph Metcalf\AppData\Roaming\npm;C:\Program Files\sf\bin;C:\Users\Joseph Metcalf\Downloads\apache-maven-3.9.11-bin\apache-maven-3.9.11\bin;c:\Users\Joseph Metcalf\.vscode\extensions\ms-python.debugpy-2025.16.0-win32-x64\bundled\scripts\noConfigScripts;."/>
    <property name="maven.conf" value="C:\Users\Joseph Metcalf\Downloads\apache-maven-3.9.11-bin\apache-maven-3.9.11/conf"/>
    <property name="jdk.debug" value="release"/>
    <property name="java.class.version" value="65.0"/>
    <property name="java.specification.name" value="Java Platform API Specification"/>
    <property name="sun.management.compiler" value="HotSpot 64-Bit Tiered Compilers"/>
    <property name="os.version" value="10.0"/>
    <property name="library.jansi.path" value="C:\Users\Joseph Metcalf\Downloads\apache-maven-3.9.11-bin\apache-maven-3.9.11\lib\jansi-native"/>
    <property name="user.home" value="C:\Users\Joseph Metcalf"/>
    <property name="user.timezone" value="America/Chicago"/>
    <property name="file.encoding" value="UTF-8"/>
    <property name="java.specification.version" value="21"/>
    <property name="user.name" value="Joseph Metcalf"/>
    <property name="java.class.path" value="C:\Users\Joseph Metcalf\Downloads\apache-maven-3.9.11-bin\apache-maven-3.9.11\boot\plexus-classworlds-2.9.0.jar"/>
    <property name="java.vm.specification.version" value="21"/>
    <property name="sun.arch.data.model" value="64"/>
    <property name="sun.java.command" value="org.codehaus.plexus.classworlds.launcher.Launcher test"/>
    <property name="java.home" value="C:\Program Files\Amazon Corretto\jdk21.0.4_7"/>
    <property name="user.language" value="en"/>
    <property name="java.specification.vendor" value="Oracle Corporation"/>
    <property name="java.vm.info" value="mixed mode, sharing"/>
    <property name="java.version" value="21.0.4"/>
    <property name="native.encoding" value="Cp1252"/>
    <property name="java.vendor" value="Amazon.com Inc."/>
    <property name="maven.home" value="C:\Users\Joseph Metcalf\Downloads\apache-maven-3.9.11-bin\apache-maven-3.9.11"/>
    <property name="file.separator" value="\"/>
    <property name="java.version.date" value="2024-07-16"/>
    <property name="java.vendor.url.bug" value="https://github.com/corretto/corretto-21/issues/"/>
    <property name="sun.io.unicode.encoding" value="UnicodeLittle"/>
    <property name="sun.cpu.endian" value="little"/>
    <property name="java.vendor.version" value="Corretto-21.0.4.7.1"/>
    <property name="sun.cpu.isalist" value="amd64"/>
  </properties>
  <testcase classname="org.apache.commons.lang3.builder.CompareToBuilderTest" name="testCharArray" time="0"/>
  <testcase classname="org.apache.commons.lang3.builder.CompareToBuilderTest" name="testObjectArray" time="0.011"/>
  <testcase classname="org.apache.commons.lang3.builder.CompareToBuilderTest" name="testObjectBuild" time="0"/>
  <testcase classname="org.apache.commons.lang3.builder.CompareToBuilderTest" name="testFloatArray" time="0"/>
  <testcase classname="org.apache.commons.lang3.builder.CompareToBuilderTest" name="testReflectionHierarchyCompareExcludeFields" time="0">
    <error message="Unable to make field private final byte[] java.lang.String.value accessible: module java.base does not &quot;opens java.lang&quot; to unnamed module @5ccd43c2" type="java.lang.reflect.InaccessibleObjectException">java.lang.reflect.InaccessibleObjectException: Unable to make field private final byte[] java.lang.String.value accessible: module java.base does not &quot;opens java.lang&quot; to unnamed module @5ccd43c2
	at java.base/java.lang.reflect.AccessibleObject.throwInaccessibleObjectException(AccessibleObject.java:391)
	at java.base/java.lang.reflect.AccessibleObject.checkCanSetAccessible(AccessibleObject.java:367)
	at java.base/java.lang.reflect.AccessibleObject.checkCanSetAccessible(AccessibleObject.java:315)
	at java.base/java.lang.reflect.Field.checkCanSetAccessible(Field.java:183)
	at java.base/java.lang.reflect.AccessibleObject.setAccessible(AccessibleObject.java:131)
	at org.apache.commons.lang3.builder.CompareToBuilder.reflectionAppend(CompareToBuilder.java:314)
	at org.apache.commons.lang3.builder.CompareToBuilder.reflectionCompare(CompareToBuilder.java:286)
	at org.apache.commons.lang3.builder.CompareToBuilder.reflectionCompare(CompareToBuilder.java:167)
	at org.apache.commons.lang3.builder.CompareToBuilderTest.reflectionCompareSignum(CompareToBuilderTest.java:246)
	at org.apache.commons.lang3.builder.CompareToBuilderTest.assertReflectionCompareContract(CompareToBuilderTest.java:218)
	at org.apache.commons.lang3.builder.CompareToBuilderTest.testReflectionHierarchyCompare(CompareToBuilderTest.java:195)
	at org.apache.commons.lang3.builder.CompareToBuilderTest.testReflectionHierarchyCompareExcludeFields(CompareToBuilderTest.java:133)
</error>
  </testcase>
  <testcase classname="org.apache.commons.lang3.builder.CompareToBuilderTest" name="testObjectComparatorNull" time="0"/>
  <testcase classname="org.apache.commons.lang3.builder.CompareToBuilderTest" name="testReflectionHierarchyCompare" time="0">
    <error message="Unable to make field private final byte[] java.lang.String.value accessible: module java.base does not &quot;opens java.lang&quot; to unnamed module @5ccd43c2" type="java.lang.reflect.InaccessibleObjectException">java.lang.reflect.InaccessibleObjectException: Unable to make field private final byte[] java.lang.String.value accessible: module java.base does not &quot;opens java.lang&quot; to unnamed module @5ccd43c2
	at java.base/java.lang.reflect.AccessibleObject.throwInaccessibleObjectException(AccessibleObject.java:391)
	at java.base/java.lang.reflect.AccessibleObject.checkCanSetAccessible(AccessibleObject.java:367)
	at java.base/java.lang.reflect.AccessibleObject.checkCanSetAccessible(AccessibleObject.java:315)
	at java.base/java.lang.reflect.Field.checkCanSetAccessible(Field.java:183)
	at java.base/java.lang.reflect.AccessibleObject.setAccessible(AccessibleObject.java:131)
	at org.apache.commons.lang3.builder.CompareToBuilder.reflectionAppend(CompareToBuilder.java:314)
	at org.apache.commons.lang3.builder.CompareToBuilder.reflectionCompare(CompareToBuilder.java:286)
	at org.apache.commons.lang3.builder.CompareToBuilder.reflectionCompare(CompareToBuilder.java:167)
	at org.apache.commons.lang3.builder.CompareToBuilderTest.reflectionCompareSignum(CompareToBuilderTest.java:246)
	at org.apache.commons.lang3.builder.CompareToBuilderTest.assertReflectionCompareContract(CompareToBuilderTest.java:218)
	at org.apache.commons.lang3.builder.CompareToBuilderTest.testReflectionHierarchyCompare(CompareToBuilderTest.java:195)
	at org.apache.commons.lang3.builder.CompareToBuilderTest.testReflectionHierarchyCompare(CompareToBuilderTest.java:127)
</error>
  </testcase>
  <testcase classname="org.apache.commons.lang3.builder.CompareToBuilderTest" name="testMultiCharArray" time="0"/>
  <testcase classname="org.apache.commons.lang3.builder.CompareToBuilderTest" name="testByteArrayHiddenByObject" time="0"/>
  <testcase classname="org.apache.commons.lang3.builder.CompareToBuilderTest" name="testInt" time="0"/>
  <testcase classname="org.apache.commons.lang3.builder.CompareToBuilderTest" name="testByteArray" time="0"/>
  <testcase classname="org.apache.commons.lang3.builder.CompareToBuilderTest" name="testRaggedArray" time="0"/>
  <testcase classname="org.apache.commons.lang3.builder.CompareToBuilderTest" name="testFloat" time="0"/>
  <testcase classname="org.apache.commons.lang3.builder.CompareToBuilderTest" name="testShort" time="0"/>
  <testcase classname="org.apache.commons.lang3.builder.CompareToBuilderTest" name="testByte" time="0"/>
  <testcase classname="org.apache.commons.lang3.builder.CompareToBuilderTest" name="testChar" time="0.011"/>
  <testcase classname="org.apache.commons.lang3.builder.CompareToBuilderTest" name="testLong" time="0"/>
  <testcase classname="org.apache.commons.lang3.builder.CompareToBuilderTest" name="testReflectionCompare" time="0"/>
  <testcase classname="org.apache.commons.lang3.builder.CompareToBuilderTest" name="testObjectArrayHiddenByObject" time="0"/>
  <testcase classname="org.apache.commons.lang3.builder.CompareToBuilderTest" name="testShortArrayHiddenByObject" time="0"/>
  <testcase classname="org.apache.commons.lang3.builder.CompareToBuilderTest" name="testMultiByteArray" time="0"/>
  <testcase classname="org.apache.commons.lang3.builder.CompareToBuilderTest" name="testMultiBooleanArray" time="0"/>
  <testcase classname="org.apache.commons.lang3.builder.CompareToBuilderTest" name="testReflectionCompareEx1" time="0.001"/>
  <testcase classname="org.apache.commons.lang3.builder.CompareToBuilderTest" name="testReflectionCompareEx2" time="0"/>
  <testcase classname="org.apache.commons.lang3.builder.CompareToBuilderTest" name="testLongArrayHiddenByObject" time="0"/>
  <testcase classname="org.apache.commons.lang3.builder.CompareToBuilderTest" name="testObjectEx2" time="0"/>
  <testcase classname="org.apache.commons.lang3.builder.CompareToBuilderTest" name="testCharArrayHiddenByObject" time="0"/>
  <testcase classname="org.apache.commons.lang3.builder.CompareToBuilderTest" name="testMultiFloatArray" time="0"/>
  <testcase classname="org.apache.commons.lang3.builder.CompareToBuilderTest" name="testMixedArray" time="0"/>
  <testcase classname="org.apache.commons.lang3.builder.CompareToBuilderTest" name="testBoolean" time="0"/>
  <testcase classname="org.apache.commons.lang3.builder.CompareToBuilderTest" name="testMultiIntArray" time="0"/>
  <testcase classname="org.apache.commons.lang3.builder.CompareToBuilderTest" name="testBooleanArray" time="0"/>
  <testcase classname="org.apache.commons.lang3.builder.CompareToBuilderTest" name="testBooleanArrayHiddenByObject" time="0"/>
  <testcase classname="org.apache.commons.lang3.builder.CompareToBuilderTest" name="testIntArrayHiddenByObject" time="0"/>
  <testcase classname="org.apache.commons.lang3.builder.CompareToBuilderTest" name="testLongArray" time="0"/>
  <testcase classname="org.apache.commons.lang3.builder.CompareToBuilderTest" name="testReflectionHierarchyCompareTransients" time="0">
    <error message="Unable to make field private final byte[] java.lang.String.value accessible: module java.base does not &quot;opens java.lang&quot; to unnamed module @5ccd43c2" type="java.lang.reflect.InaccessibleObjectException">java.lang.reflect.InaccessibleObjectException: Unable to make field private final byte[] java.lang.String.value accessible: module java.base does not &quot;opens java.lang&quot; to unnamed module @5ccd43c2
	at java.base/java.lang.reflect.AccessibleObject.throwInaccessibleObjectException(AccessibleObject.java:391)
	at java.base/java.lang.reflect.AccessibleObject.checkCanSetAccessible(AccessibleObject.java:367)
	at java.base/java.lang.reflect.AccessibleObject.checkCanSetAccessible(AccessibleObject.java:315)
	at java.base/java.lang.reflect.Field.checkCanSetAccessible(Field.java:183)
	at java.base/java.lang.reflect.AccessibleObject.setAccessible(AccessibleObject.java:131)
	at org.apache.commons.lang3.builder.CompareToBuilder.reflectionAppend(CompareToBuilder.java:314)
	at org.apache.commons.lang3.builder.CompareToBuilder.reflectionCompare(CompareToBuilder.java:286)
	at org.apache.commons.lang3.builder.CompareToBuilder.reflectionCompare(CompareToBuilder.java:167)
	at org.apache.commons.lang3.builder.CompareToBuilderTest.reflectionCompareSignum(CompareToBuilderTest.java:246)
	at org.apache.commons.lang3.builder.CompareToBuilderTest.assertReflectionCompareContract(CompareToBuilderTest.java:218)
	at org.apache.commons.lang3.builder.CompareToBuilderTest.testReflectionHierarchyCompare(CompareToBuilderTest.java:195)
	at org.apache.commons.lang3.builder.CompareToBuilderTest.testReflectionHierarchyCompareTransients(CompareToBuilderTest.java:152)
</error>
  </testcase>
  <testcase classname="org.apache.commons.lang3.builder.CompareToBuilderTest" name="testShortArray" time="0"/>
  <testcase classname="org.apache.commons.lang3.builder.CompareToBuilderTest" name="testMultiLongArray" time="0"/>
  <testcase classname="org.apache.commons.lang3.builder.CompareToBuilderTest" name="testFloatArrayHiddenByObject" time="0"/>
  <testcase classname="org.apache.commons.lang3.builder.CompareToBuilderTest" name="testIntArray" time="0"/>
  <testcase classname="org.apache.commons.lang3.builder.CompareToBuilderTest" name="testObjectComparator" time="0"/>
  <testcase classname="org.apache.commons.lang3.builder.CompareToBuilderTest" name="testDouble" time="0"/>
  <testcase classname="org.apache.commons.lang3.builder.CompareToBuilderTest" name="testDoubleArrayHiddenByObject" time="0"/>
  <testcase classname="org.apache.commons.lang3.builder.CompareToBuilderTest" name="testObject" time="0"/>
  <testcase classname="org.apache.commons.lang3.builder.CompareToBuilderTest" name="testMultiDoubleArray" time="0"/>
  <testcase classname="org.apache.commons.lang3.builder.CompareToBuilderTest" name="testAppendSuper" time="0"/>
  <testcase classname="org.apache.commons.lang3.builder.CompareToBuilderTest" name="testMultiShortArray" time="0"/>
  <testcase classname="org.apache.commons.lang3.builder.CompareToBuilderTest" name="testDoubleArray" time="0"/>
</testsuite>