<?xml version="1.0" encoding="UTF-8" ?>
<testsuite tests="14" failures="0" name="org.apache.commons.lang3.mutable.MutableShortTest" time="0" errors="0" skipped="0">
  <properties>
[...]
</properties>
  <testcase classname="org.apache.commons.lang3.mutable.MutableShortTest" name="testToShort" time="0"/>
  <testcase classname="org.apache.commons.lang3.mutable.MutableShortTest" name="testToString" time="0"/>
  <testcase classname="org.apache.commons.lang3.mutable.MutableShortTest" name="testConstructors" time="0"/>
  <testcase classname="org.apache.commons.lang3.mutable.MutableShortTest" name="testCompareTo" time="0"/>
  <testcase classname="org.apache.commons.lang3.mutable.MutableShortTest" name="testIncrement" time="0"/>
  <testcase classname="org.apache.commons.lang3.mutable.MutableShortTest" name="testPrimitiveValues" time="0"/>
  <testcase classname="org.apache.commons.lang3.mutable.MutableShortTest" name="testSubtractValuePrimitive" time="0"/>
  <testcase classname="org.apache.commons.lang3.mutable.MutableShortTest" name="testHashCode" time="0"/>
  <testcase classname="org.apache.commons.lang3.mutable.MutableShortTest" name="testAddValuePrimitive" time="0"/>
  <testcase classname="org.apache.commons.lang3.mutable.MutableShortTest" name="testSubtractValueObject" time="0"/>
  <testcase classname="org.apache.commons.lang3.mutable.MutableShortTest" name="testDecrement" time="0"/>
  <testcase classname="org.apache.commons.lang3.mutable.MutableShortTest" name="testEquals" time="0"/>
  <testcase classname="org.apache.commons.lang3.mutable.MutableShortTest" name="testGetSet" time="0"/>
  <testcase classname="org.apache.commons.lang3.mutable.MutableShortTest" name="testAddValueObject" time="0"/>
</testsuite>